0 info it worked if it ends with ok
1 verbose cli [ '/usr/local/Cellar/node/6.4.0/bin/node',
1 verbose cli   '/usr/local/bin/npm',
1 verbose cli   'run-script',
1 verbose cli   'build' ]
2 info using npm@3.10.6
3 info using node@v6.4.0
4 verbose run-script [ 'prebuild', 'build', 'postbuild' ]
5 info lifecycle EDDIE@1.0.0~prebuild: EDDIE@1.0.0
6 silly lifecycle EDDIE@1.0.0~prebuild: no script for prebuild, continuing
7 info lifecycle EDDIE@1.0.0~build: EDDIE@1.0.0
8 verbose lifecycle EDDIE@1.0.0~build: unsafe-perm in lifecycle true
9 verbose lifecycle EDDIE@1.0.0~build: PATH: /usr/local/lib/node_modules/npm/bin/node-gyp-bin:/Users/Odaris/ed-vis-gen/node_modules/.bin:/usr/local/Cellar/node/6.4.0/bin:/usr/local/bin:/usr/bin:/bin:/usr/sbin:/sbin
10 verbose lifecycle EDDIE@1.0.0~build: CWD: /Users/Odaris/ed-vis-gen
11 silly lifecycle EDDIE@1.0.0~build: Args: [ '-c',
11 silly lifecycle   'tsc && browserify src/main.js -o new/target/lib.js && rsync -az src/static/html new/target/ && rsync -az src/resources new/target/ && rsync -az src/static/frontend new/target/' ]
12 silly lifecycle EDDIE@1.0.0~build: Returned: code: 1  signal: null
13 info lifecycle EDDIE@1.0.0~build: Failed to exec build script
14 verbose stack Error: EDDIE@1.0.0 build: `tsc && browserify src/main.js -o new/target/lib.js && rsync -az src/static/html new/target/ && rsync -az src/resources new/target/ && rsync -az src/static/frontend new/target/`
14 verbose stack Exit status 1
14 verbose stack     at EventEmitter.<anonymous> (/usr/local/lib/node_modules/npm/lib/utils/lifecycle.js:255:16)
14 verbose stack     at emitTwo (events.js:106:13)
14 verbose stack     at EventEmitter.emit (events.js:191:7)
14 verbose stack     at ChildProcess.<anonymous> (/usr/local/lib/node_modules/npm/lib/utils/spawn.js:40:14)
14 verbose stack     at emitTwo (events.js:106:13)
14 verbose stack     at ChildProcess.emit (events.js:191:7)
14 verbose stack     at maybeClose (internal/child_process.js:852:16)
14 verbose stack     at Process.ChildProcess._handle.onexit (internal/child_process.js:215:5)
15 verbose pkgid EDDIE@1.0.0
16 verbose cwd /Users/Odaris/ed-vis-gen/src
17 error Darwin 14.5.0
18 error argv "/usr/local/Cellar/node/6.4.0/bin/node" "/usr/local/bin/npm" "run-script" "build"
19 error node v6.4.0
20 error npm  v3.10.6
21 error code ELIFECYCLE
22 error EDDIE@1.0.0 build: `tsc && browserify src/main.js -o new/target/lib.js && rsync -az src/static/html new/target/ && rsync -az src/resources new/target/ && rsync -az src/static/frontend new/target/`
22 error Exit status 1
23 error Failed at the EDDIE@1.0.0 build script 'tsc && browserify src/main.js -o new/target/lib.js && rsync -az src/static/html new/target/ && rsync -az src/resources new/target/ && rsync -az src/static/frontend new/target/'.
23 error Make sure you have the latest version of node.js and npm installed.
23 error If you do, this is most likely a problem with the EDDIE package,
23 error not with npm itself.
23 error Tell the author that this fails on your system:
23 error     tsc && browserify src/main.js -o new/target/lib.js && rsync -az src/static/html new/target/ && rsync -az src/resources new/target/ && rsync -az src/static/frontend new/target/
23 error You can get information on how to open an issue for this project with:
23 error     npm bugs EDDIE
23 error Or if that isn't available, you can get their info via:
23 error     npm owner ls EDDIE
23 error There is likely additional logging output above.
24 verbose exit [ 1, true ]
